2026-02-04T13:44:57.729Z [[32minfo[39m]: GET /api-docs [36m301[39m 7ms
2026-02-04T13:44:57.748Z [[32minfo[39m]: GET /api-docs/ [32m200[39m 6ms
2026-02-04T13:44:57.868Z [[32minfo[39m]: GET /api-docs/swagger-ui-init.js [32m200[39m 1ms
2026-02-04T13:44:57.924Z [[32minfo[39m]: GET /api-docs/swagger-ui.css [32m200[39m 71ms
2026-02-04T13:44:58.062Z [[32minfo[39m]: GET /api-docs/swagger-ui-standalone-preset.js [32m200[39m 201ms
2026-02-04T13:44:58.126Z [[32minfo[39m]: GET /api-docs/swagger-ui-bundle.js [32m200[39m 272ms
2026-02-04T13:44:58.795Z [[32minfo[39m]: GET /api-docs/favicon-32x32.png [32m200[39m 2ms
2026-02-05T10:10:03.664Z [[32minfo[39m]: POST /api/v1/module/create [33m401[39m 18ms
2026-02-05T10:10:16.321Z [[32minfo[39m]: POST /api/v1/auth/login [32m200[39m 1069ms
2026-02-05T10:10:31.622Z [[32minfo[39m]: POST /api/v1/module/create [32m201[39m 42ms
2026-02-05T10:24:45.036Z [[32minfo[39m]: POST /api/v1/module/create [32m201[39m 60ms
2026-02-05T10:28:03.384Z [[32minfo[39m]: POST /api/v1/module/create [32m201[39m 62ms
2026-02-05T10:30:34.046Z [[32minfo[39m]: POST /api/v1/module/create [32m201[39m 81ms
2026-02-07T15:14:16.119Z [[32minfo[39m]: POST /api/v1/auth/login [32m200[39m 1156ms
2026-02-07T15:14:34.850Z [[32minfo[39m]: POST /api/v1/lesson/upload [32m200[39m 56ms
2026-02-09T11:31:10.652Z [[32minfo[39m]: POST /api/v1/auth/login [32m200[39m 875ms
2026-02-09T11:32:24.474Z [[32minfo[39m]: POST /api/v1/lesson/upload-video [32m200[39m 9052ms
2026-02-09T13:15:22.795Z [[32minfo[39m]: POST /api/v1/auth/login [32m200[39m 649ms
2026-02-09T13:28:35.945Z [[32minfo[39m]: POST /api/v1/cohort/create%20 [33m404[39m 3ms
2026-02-09T13:29:40.543Z [[32minfo[39m]: POST /api/v1/cohort/create%20 [33m404[39m 2ms
2026-02-09T13:29:59.926Z [[32minfo[39m]: POST /api/v1/cohort/create%20 [33m404[39m 1ms
2026-02-09T13:31:13.449Z [[32minfo[39m]: POST /api/v1/cohort/create [33m403[39m 9ms
2026-02-09T13:31:48.240Z [[32minfo[39m]: POST /api/v1/auth/login [32m200[39m 770ms
2026-02-09T13:32:42.891Z [[32minfo[39m]: POST /api/v1/auth/login [32m200[39m 701ms
2026-02-09T13:32:49.995Z [[32minfo[39m]: POST /api/v1/cohort/create [33m404[39m 12ms
2026-02-09T13:33:38.551Z [[32minfo[39m]: POST /api/v1/cohort/create [33m404[39m 5ms
2026-02-09T13:34:03.367Z [[32minfo[39m]: POST /api/v1/cohort/create [33m404[39m 5ms
2026-02-09T13:36:33.479Z [[32minfo[39m]: POST /api/v1/cohort/create [33m403[39m 11ms
2026-02-09T13:40:29.149Z [[32minfo[39m]: POST /api/v1/cohort/create [33m404[39m 27ms
2026-02-09T13:41:09.016Z [[32minfo[39m]: POST /api/v1/cohort/create [33m403[39m 20ms
2026-02-09T13:42:23.633Z [[32minfo[39m]: POST /api/v1/auth/login [32m200[39m 1118ms
2026-02-09T13:42:39.112Z [[32minfo[39m]: POST /api/v1/course/create [33m403[39m 2ms
2026-02-09T13:43:28.670Z [[32minfo[39m]: POST /api/v1/course/create [33m403[39m 1ms
2026-02-09T13:43:30.648Z [[32minfo[39m]: POST /api/v1/course/create [33m403[39m 3ms
2026-02-09T13:43:49.469Z [[32minfo[39m]: POST /api/v1/course/create [33m403[39m 9ms
2026-02-09T13:44:17.824Z [[32minfo[39m]: POST /api/v1/course/create [33m403[39m 4ms
2026-02-09T13:44:28.100Z [[32minfo[39m]: POST /api/v1/auth/login [32m200[39m 771ms
2026-02-09T13:44:53.060Z [[32minfo[39m]: POST /api/v1/course/create [32m201[39m 5788ms
2026-02-09T13:49:09.605Z [[32minfo[39m]: POST /api/v1/instructor-management/apply [33m403[39m 12ms
2026-02-09T13:49:42.434Z [[32minfo[39m]: POST /api/v1/course/assign?courseId%20=6989e4d518fa13fef1d9360b&instructorId%20=696e19f78dbec29d8ee196b5 [33m404[39m 4ms
2026-02-09T13:50:47.820Z [[32minfo[39m]: PUT /api/v1/course/assign?courseId%20=6989e4d518fa13fef1d9360b&instructorId%20=696e19f78dbec29d8ee196b5 [33m401[39m 2ms
2026-02-09T13:51:17.998Z [[32minfo[39m]: PUT /api/v1/course/assign?courseId%20=6989e4d518fa13fef1d9360b&instructorId%20=696e19f78dbec29d8ee196b5 [33m403[39m 3ms
2026-02-09T13:51:28.370Z [[32minfo[39m]: POST /api/v1/auth/login [32m200[39m 536ms
2026-02-09T13:51:45.262Z [[32minfo[39m]: PUT /api/v1/course/assign?courseId%20=6989e4d518fa13fef1d9360b&instructorId%20=696e19f78dbec29d8ee196b5 [33m400[39m 2ms
2026-02-09T13:51:58.585Z [[32minfo[39m]: PUT /api/v1/course/assign?courseId=6989e4d518fa13fef1d9360b&instructorId%20=696e19f78dbec29d8ee196b5 [33m400[39m 3ms
2026-02-09T13:52:08.151Z [[32minfo[39m]: PUT /api/v1/course/assign?courseId=6989e4d518fa13fef1d9360b&instructorId=696e19f78dbec29d8ee196b5 [33m400[39m 9ms
2026-02-09T14:00:42.758Z [[32minfo[39m]: PUT /api/v1/course/assign?courseId=6989e4d518fa13fef1d9360b&instructorId=696e19f78dbec29d8ee196b5 [33m404[39m 89ms
2026-02-09T14:01:46.875Z [[32minfo[39m]: POST /api/v1/instructor-management/approve [32m200[39m 54ms
2026-02-09T14:01:55.111Z [[32minfo[39m]: PUT /api/v1/course/assign?courseId=6989e4d518fa13fef1d9360b&instructorId=696e19f78dbec29d8ee196b5 [32m200[39m 16ms
2026-02-09T14:04:28.062Z [[32minfo[39m]: PUT /api/v1/course/assign?courseId=6989e4d518fa13fef1d9360b&instructorId=696e19f78dbec29d8ee196b5 [32m200[39m 75ms
2026-02-09T14:04:49.083Z [[32minfo[39m]: PUT /api/v1/course/assign?courseId=6989e4d518fa13fef1d9360b&instructorId=696e19f78dbec29d8ee196b5 [33m404[39m 17ms
2026-02-09T14:06:58.623Z [[32minfo[39m]: POST /api/v1/cohort/create [33m403[39m 21ms
2026-02-09T14:07:17.254Z [[32minfo[39m]: POST /api/v1/lesson/upload-video [32m200[39m 28110ms
2026-02-09T14:07:29.264Z [[32minfo[39m]: POST /api/v1/cohort/create [32m201[39m 15ms
2026-02-13T11:26:08.872Z [[32minfo[39m]: POST /api/v1/auth/login [32m200[39m 787ms
2026-02-13T11:26:32.445Z [[32minfo[39m]: POST /api/v1/payment/initialize [33m400[39m 15ms
2026-02-13T11:27:21.377Z [[32minfo[39m]: POST /api/v1/payment/initialize [33m400[39m 5ms
2026-02-13T11:28:59.055Z [[32minfo[39m]: POST /api/v1/payment/initialize [33m400[39m 60ms
2026-02-13T11:31:23.108Z [[32minfo[39m]: POST /api/v1/payment/initialize [33m400[39m 39ms
2026-02-13T11:32:59.869Z [[32minfo[39m]: POST /api/v1/payment/initialize [31m500[39m 79ms
2026-02-13T11:33:45.555Z [[32minfo[39m]: POST /api/v1/payment/initialize [31m500[39m 23ms
2026-02-13T11:36:26.192Z [[32minfo[39m]: POST /api/v1/payment/initialize [31m500[39m 44ms
2026-02-13T11:37:01.872Z [[32minfo[39m]: POST /api/v1/payment/initialize [31m500[39m 45ms
2026-02-13T11:38:27.597Z [[32minfo[39m]: POST /api/v1/payment/initialize [31m500[39m 96ms
2026-02-13T11:38:31.291Z [[32minfo[39m]: POST /api/v1/payment/initialize [31m500[39m 20ms
2026-02-13T11:39:16.090Z [[32minfo[39m]: POST /api/v1/payment/initialize [31m500[39m 48ms
2026-02-13T11:39:46.646Z [[32minfo[39m]: POST /api/v1/payment/initialize [31m500[39m 53ms
2026-02-13T11:41:37.871Z [[32minfo[39m]: POST /api/v1/payment/initialize [31m500[39m 67ms
2026-02-13T11:42:29.825Z [[32minfo[39m]: POST /api/v1/payment/initialize [31m500[39m 79ms
2026-02-13T11:43:45.917Z [[32minfo[39m]: POST /api/v1/payment/initialize [31m500[39m 67ms
2026-02-13T11:45:32.116Z [[32minfo[39m]: POST /api/v1/payment/initialize [31m500[39m 55ms
2026-02-13T11:46:41.722Z [[32minfo[39m]: POST /api/v1/payment/initialize [32m200[39m 1640ms
2026-02-13T11:46:59.705Z [[32minfo[39m]: POST /api/v1/payment/webhook [32m200[39m 44ms
2026-02-13T11:54:12.467Z [[32minfo[39m]: POST /api/v1/payment/initialize [32m200[39m 6797ms
2026-02-13T11:54:30.116Z [[32minfo[39m]: POST /api/v1/payment/webhook [32m200[39m 21ms
2026-02-16T12:44:43.925Z [[32minfo[39m]: POST /api/v1/auth/login [32m200[39m 815ms
2026-02-16T12:45:05.816Z [[32minfo[39m]: POST /api/v1/auth/profile [33m400[39m 12ms
2026-02-16T12:48:38.577Z [[32minfo[39m]: POST /api/v1/auth/profile [31m500[39m 35ms
2026-02-16T12:49:41.663Z [[32minfo[39m]: POST /api/v1/auth/profile [31m500[39m 85ms
2026-02-16T12:51:27.085Z [[32minfo[39m]: POST /api/v1/auth/profile [31m500[39m 55ms
2026-02-16T12:52:04.078Z [[32minfo[39m]: POST /api/v1/auth/profile [31m500[39m 64ms
2026-02-16T12:54:56.536Z [[32minfo[39m]: POST /api/v1/auth/profile [32m200[39m 100ms
2026-02-16T12:57:18.301Z [[32minfo[39m]: POST /api/v1/auth/profile [33m404[39m 145ms
2026-02-16T12:58:51.799Z [[32minfo[39m]: POST /api/v1/auth/profile [32m200[39m 100ms
2026-02-16T13:33:47.446Z [[32minfo[39m]: POST /api/v1/auth/add-profile [31m500[39m 67ms
2026-02-16T13:35:41.063Z [[32minfo[39m]: POST /api/v1/auth/add-profile [31m500[39m 83ms
2026-02-16T13:38:23.104Z [[32minfo[39m]: POST /api/v1/auth/add-profile [32m200[39m 2328ms
2026-02-16T14:06:11.782Z [[32minfo[39m]: PUT /api/v1/auth/edit-profile [31m500[39m 3672ms
2026-02-16T14:07:13.474Z [[32minfo[39m]: PUT /api/v1/auth/edit-profile [31m500[39m 2065ms
2026-02-16T14:07:40.190Z [[32minfo[39m]: PUT /api/v1/auth/edit-profile [31m500[39m 1534ms
2026-02-16T14:08:40.006Z [[32minfo[39m]: PUT /api/v1/auth/edit-profile [32m200[39m 2434ms
2026-02-17T17:14:25.844Z [[32minfo[39m]: POST /api/v1/auth/login [32m200[39m 1438ms
2026-02-17T17:15:18.155Z [[32minfo[39m]: GET /api/v1/payment/get-all-payments?page=1&limit=10 [32m200[39m 29ms
2026-02-17T17:16:59.840Z [[32minfo[39m]: GET /api/v1/payment/get-all-payments?page=1&limit=10 [32m200[39m 47ms
2026-02-17T17:34:22.015Z [[32minfo[39m]: GET /api/v1/payment/get-all-payments?page=1&limit=10 [32m200[39m 73ms
2026-02-17T19:16:35.616Z [[32minfo[39m]: POST /api/v1/auth/login [32m200[39m 698ms
2026-02-17T19:16:59.635Z [[32minfo[39m]: GET /api/v1/enrollment/enrolled-coures [32m201[39m 16ms
2026-02-17T19:17:57.062Z [[32minfo[39m]: GET /api/v1/enrollment/enrolled-coures [32m200[39m 49ms
2026-02-17T19:18:30.517Z [[32minfo[39m]: GET /api/v1/enrollment/enrolled-coures [33m401[39m 3ms
2026-02-17T19:18:36.383Z [[32minfo[39m]: GET /api/v1/enrollment/enrolled-coures [32m200[39m 12ms
2026-02-17T19:22:37.793Z [[32minfo[39m]: GET /api/v1/enrollment/enrolled-coures [32m200[39m 61ms
2026-02-17T19:22:40.956Z [[32minfo[39m]: GET /api/v1/enrollment/enrolled-coures [32m200[39m 10ms
2026-02-17T19:26:44.261Z [[32minfo[39m]: GET /api/v1/enrollment/enrolled-coures [32m200[39m 43ms
2026-02-17T19:30:24.541Z [[32minfo[39m]: GET /api/v1/enrollment/enrolled-coures [31m500[39m 69ms
2026-02-17T19:30:27.007Z [[32minfo[39m]: GET /api/v1/enrollment/enrolled-coures [31m500[39m 13ms
2026-02-17T19:31:17.534Z [[32minfo[39m]: GET /api/v1/enrollment/enrolled-coures [31m500[39m 41ms
2026-02-17T19:31:19.619Z [[32minfo[39m]: GET /api/v1/enrollment/enrolled-coures [31m500[39m 9ms
2026-02-17T19:32:08.410Z [[32minfo[39m]: GET /api/v1/enrollment/enrolled-coures [32m200[39m 44ms
2026-02-18T09:26:49.450Z [[32minfo[39m]: POST /api/v1/auth/login [32m200[39m 688ms
2026-02-18T09:27:11.957Z [[32minfo[39m]: POST /api/v1/module/create [32m201[39m 30ms
2026-02-18T09:33:47.694Z [[32minfo[39m]: POST /api/v1/lesson/upload [32m200[39m 21ms
2026-02-18T09:35:05.359Z [[32minfo[39m]: POST /api/v1/lesson/upload [32m200[39m 14ms
2026-02-18T09:36:57.888Z [[32minfo[39m]: POST /api/v1/lesson/upload-video [32m200[39m 8997ms
2026-02-18T10:02:16.644Z [[32minfo[39m]: POST /api/v1/auth/login [32m200[39m 664ms
2026-02-18T10:04:31.737Z [[32minfo[39m]: POST /api/v1/lesson/mark-lesson-as-completed [33m404[39m 7ms
2026-02-18T10:05:02.374Z [[32minfo[39m]: POST /api/v1/lesson/mark-lesson-as-completed [32m200[39m 76ms
2026-02-18T10:05:52.718Z [[32minfo[39m]: POST /api/v1/lesson/mark-lesson-as-completed [32m200[39m 37ms
2026-02-18T12:57:07.617Z [[32minfo[39m]: POST /api/v1/auth/login [32m200[39m 706ms
2026-02-18T12:57:25.329Z [[32minfo[39m]: POST /api/v1/lesson/update-last-lesson [32m200[39m 22ms
2026-02-18T13:00:41.273Z [[32minfo[39m]: POST /api/v1/lesson/resume-last-lesson [33m404[39m 2ms
2026-02-18T13:00:46.609Z [[32minfo[39m]: GET /api/v1/lesson/resume-last-lesson [32m200[39m 9ms
2026-02-19T10:47:23.417Z [[32minfo[39m]: GET /api/v1/lesson/view-lesson-content [33m401[39m 6ms
2026-02-19T10:47:30.469Z [[32minfo[39m]: POST /api/v1/auth/login [32m200[39m 707ms
2026-02-19T10:47:52.149Z [[32minfo[39m]: GET /api/v1/lesson/view-lesson-content [32m200[39m 69ms
2026-02-19T10:51:06.045Z [[32minfo[39m]: GET /api/v1/lesson/view-lesson-content [32m200[39m 41ms
2026-02-19T10:52:03.914Z [[32minfo[39m]: GET /api/v1/lesson/view-lesson-content [32m200[39m 49ms
2026-02-19T10:52:25.957Z [[32minfo[39m]: GET /api/v1/lesson/view-lesson-content [32m200[39m 53ms
2026-03-15T11:14:59.025Z [[32minfo[39m]: POST /api/v1/auth/login [32m200[39m 1323ms
2026-03-15T11:16:21.114Z [[32minfo[39m]: POST /api/v1/quiz/quiz [32m201[39m 41ms
2026-03-15T11:19:20.082Z [[32minfo[39m]: POST /api/v1/quiz/question [31m500[39m 24ms
2026-03-15T11:19:55.717Z [[32minfo[39m]: POST /api/v1/quiz/question [31m500[39m 9ms
2026-03-15T11:21:03.429Z [[32minfo[39m]: POST /api/v1/quiz/question [31m500[39m 195ms
2026-03-15T11:22:48.037Z [[32minfo[39m]: POST /api/v1/quiz/question [32m201[39m 92ms
2026-03-16T09:02:57.498Z [[32minfo[39m]: POST /api/v1/auth/login [32m200[39m 1514ms
2026-03-16T09:03:30.829Z [[32minfo[39m]: POST /api/v1/quiz/submit [33m404[39m 5ms
2026-03-16T09:05:23.859Z [[32minfo[39m]: POST /api/v1/quiz/quiz/submit [32m200[39m 64ms
2026-03-16T09:05:44.540Z [[32minfo[39m]: POST /api/v1/quiz/quiz/submit [32m200[39m 15ms
2026-03-16T10:19:59.846Z [[32minfo[39m]: GET /api-docs [36m301[39m 9ms
2026-03-16T10:19:59.874Z [[32minfo[39m]: GET /api-docs/ [32m200[39m 14ms
2026-03-16T10:20:00.034Z [[32minfo[39m]: GET /api-docs/swagger-ui-init.js [32m200[39m 1ms
2026-03-16T10:20:00.190Z [[32minfo[39m]: GET /api-docs/swagger-ui.css [32m200[39m 188ms
2026-03-16T10:20:00.254Z [[32minfo[39m]: GET /api-docs/swagger-ui-standalone-preset.js [32m200[39m 236ms
2026-03-16T10:20:00.536Z [[32minfo[39m]: GET /api-docs/swagger-ui-bundle.js [32m200[39m 534ms
2026-03-16T10:20:02.250Z [[32minfo[39m]: GET /api-docs/favicon-32x32.png [32m200[39m 5ms
2026-03-16T18:37:48.568Z [[32minfo[39m]: GET /api-docs/ [36m304[39m 10ms
2026-03-16T18:37:48.632Z [[32minfo[39m]: GET /api-docs/swagger-ui-init.js [36m304[39m 2ms
2026-03-16T18:37:48.665Z [[32minfo[39m]: GET /api-docs/swagger-ui.css [32m200[39m 17ms
2026-03-16T18:37:48.774Z [[32minfo[39m]: GET /api-docs/swagger-ui-standalone-preset.js [32m200[39m 127ms
2026-03-16T18:37:48.970Z [[32minfo[39m]: GET /api-docs/swagger-ui-bundle.js [32m200[39m 325ms
2026-03-16T18:37:50.235Z [[32minfo[39m]: GET /api-docs/favicon-32x32.png [32m200[39m 10ms
2026-03-19T12:13:00.726Z [[32minfo[39m]: GET /api-docs [36m301[39m 13ms
2026-03-19T12:13:00.763Z [[32minfo[39m]: GET /api-docs/ [36m304[39m 13ms
2026-03-19T12:13:00.871Z [[32minfo[39m]: GET /api-docs/swagger-ui.css [36m304[39m 14ms
2026-03-19T12:13:00.880Z [[32minfo[39m]: GET /api-docs/swagger-ui-bundle.js [36m304[39m 14ms
2026-03-19T12:13:00.922Z [[32minfo[39m]: GET /api-docs/swagger-ui-standalone-preset.js [36m304[39m 3ms
2026-03-19T12:13:00.952Z [[32minfo[39m]: GET /api-docs/swagger-ui-init.js [36m304[39m 1ms
2026-03-19T12:29:40.796Z [[32minfo[39m]: GET /api-docs/ [36m304[39m 2ms
2026-03-19T12:29:40.868Z [[32minfo[39m]: GET /api-docs/swagger-ui.css [36m304[39m 3ms
2026-03-19T12:29:40.877Z [[32minfo[39m]: GET /api-docs/swagger-ui-bundle.js [36m304[39m 9ms
2026-03-19T12:29:40.905Z [[32minfo[39m]: GET /api-docs/swagger-ui-standalone-preset.js [36m304[39m 1ms
2026-03-19T12:29:40.916Z [[32minfo[39m]: GET /api-docs/swagger-ui-init.js [36m304[39m 1ms
2026-03-19T12:29:41.780Z [[32minfo[39m]: GET /api-docs/favicon-32x32.png [36m304[39m 3ms
2026-03-19T12:29:46.738Z [[32minfo[39m]: GET /api-docs/ [36m304[39m 7ms
2026-03-19T12:29:46.837Z [[32minfo[39m]: GET /api-docs/swagger-ui.css [36m304[39m 3ms
2026-03-19T12:29:46.854Z [[32minfo[39m]: GET /api-docs/swagger-ui-init.js [36m304[39m 1ms
2026-03-19T12:29:46.861Z [[32minfo[39m]: GET /api-docs/swagger-ui-bundle.js [36m304[39m 11ms
2026-03-19T12:29:46.892Z [[32minfo[39m]: GET /api-docs/swagger-ui-standalone-preset.js [36m304[39m 40ms
2026-03-19T12:29:47.689Z [[32minfo[39m]: GET /api-docs/favicon-32x32.png [36m304[39m 24ms
2026-03-19T12:49:03.545Z [[32minfo[39m]: GET /api-docs/ [36m304[39m 6ms
2026-03-19T12:49:03.615Z [[32minfo[39m]: GET /api-docs/swagger-ui.css [32m200[39m 13ms
2026-03-19T12:49:03.640Z [[32minfo[39m]: GET /api-docs/swagger-ui-standalone-preset.js [32m200[39m 8ms
2026-03-19T12:49:03.682Z [[32minfo[39m]: GET /api-docs/swagger-ui-init.js [36m304[39m 1ms
2026-03-19T12:49:03.706Z [[32minfo[39m]: GET /api-docs/swagger-ui-bundle.js [32m200[39m 84ms
2026-03-19T12:49:04.890Z [[32minfo[39m]: GET /api-docs/favicon-32x32.png [32m200[39m 6ms
2026-03-19T12:49:08.133Z [[32minfo[39m]: GET /api-docs/ [36m304[39m 5ms
2026-03-19T12:49:08.207Z [[32minfo[39m]: GET /api-docs/swagger-ui.css [36m304[39m 3ms
2026-03-19T12:49:08.211Z [[32minfo[39m]: GET /api-docs/swagger-ui-bundle.js [36m304[39m 5ms
2026-03-19T12:49:08.221Z [[32minfo[39m]: GET /api-docs/swagger-ui-init.js [36m304[39m 1ms
2026-03-19T12:49:08.227Z [[32minfo[39m]: GET /api-docs/swagger-ui-standalone-preset.js [36m304[39m 9ms
2026-03-19T12:49:09.109Z [[32minfo[39m]: GET /api-docs/favicon-32x32.png [36m304[39m 11ms
